<?xml version="1.0" encoding="UTF-8"?>
<!-- Generated by org.testng.reporters.JUnitXMLReporter -->
<testsuite ignored="0" hostname="madhu" failures="0" tests="4" name="TestCycle1" time="10.976" errors="0" timestamp="2023-10-07T17:15:49 IST">
  <testcase classname="com.app.TestNgScripts.Paralleltest" name="wikiPage" time="5.982"/>
  <testcase classname="com.app.TestNgScripts.Paralleltest" name="wikiPage2" time="6.108"/>
  <testcase classname="com.app.TestNgScripts.Paralleltest" name="ninjaPage" time="4.293"/>
  <testcase classname="com.app.TestNgScripts.Paralleltest" name="ninjaPage2" time="4.799"/>
</testsuite> <!-- TestCycle1 -->
