<?xml version="1.0" encoding="UTF-8"?>
<!-- Generated by org.testng.reporters.JUnitXMLReporter -->
<testsuite ignored="3" hostname="madhu" failures="0" tests="6" name="Alltesting" time="0.013" errors="0" timestamp="2023-10-07T12:33:33 IST">
  <testcase classname="TestScenarioGroup1.Sample1" name="loginSample1" time="0.001"/>
  <testcase classname="TestScenarioGroup1.Sample1" name="loginwithInvaliddata" time="0.002"/>
  <testcase classname="TestScenarioGroup1.Sample1" name="loginwithWrongpassword" time="0.0"/>
  <testcase classname="TestScenarioGroup1.Sample2" name="login" time="0.002"/>
  <testcase classname="TestScenarioGroup1.Sample2" name="Accounts" time="0.001"/>
  <testcase classname="TestScenarioGroup1.Sample2" name="createAccount" time="0.001"/>
  <testcase classname="TestScenarioGroup1.Sample2" name="opentheAccountPage" time="0.0">
    <ignored/>
  </testcase> <!-- opentheAccountPage -->
  <testcase classname="TestScenarioGroup1.Sample2" name="Logout" time="0.0">
    <ignored/>
  </testcase> <!-- Logout -->
  <testcase classname="TestScenarioGroup1.Sample1" name="openapp" time="0.0">
    <ignored/>
  </testcase> <!-- openapp -->
</testsuite> <!-- Alltesting -->
